# JRE version: Java(TM) SE Runtime Environment (17.0.2+8) (build 17.0.2+8-LTS-86)
# Java VM: Java HotSpot(TM) 64-Bit Server VM (17.0.2+8-LTS-86, mixed mode, emulated-client, sharing, tiered, compressed oops, compressed class ptrs, g1 gc, windows-amd64)
GC Precious Log:
 CPUs: 8 total, 8 available
 Memory: 8006M
 Large Page Support: Disabled
 NUMA Support: Disabled
 Compressed Oops: Enabled (32-bit)
 Heap Region Size: 1M
 Heap Min Capacity: 8M
 Heap Initial Capacity: 126M
 Heap Max Capacity: 2002M
 Pre-touch: Disabled
 Parallel Workers: 8
 Concurrent Workers: 2
 Concurrent Refinement Workers: 8
 Periodic GC: Disabled
Heap:
 garbage-first heap   total 103424K, used 36386K [0x0000000082e00000, 0x0000000100000000)
  region size 1024K, 5 young (5120K), 5 survivors (5120K)
 Metaspace       used 46281K, committed 46784K, reserved 1089536K
  class space    used 6088K, committed 6336K, reserved 1048576K
GC Heap History (20 events):
Event: 4.513 GC heap after
{Heap after GC invocations=6 (full 0):
 garbage-first heap   total 61440K, used 19181K [0x0000000082e00000, 0x0000000100000000)
  region size 1024K, 5 young (5120K), 5 survivors (5120K)
 Metaspace       used 25840K, committed 26304K, reserved 1073152K
  class space    used 3484K, committed 3712K, reserved 1048576K
}
Event: 4.525 GC heap before
{Heap before GC invocations=6 (full 0):
 garbage-first heap   total 61440K, used 20205K [0x0000000082e00000, 0x0000000100000000)
  region size 1024K, 6 young (6144K), 5 survivors (5120K)
 Metaspace       used 25896K, committed 26368K, reserved 1073152K
  class space    used 3488K, committed 3712K, reserved 1048576K
}
Event: 4.533 GC heap after
{Heap after GC invocations=7 (full 0):
 garbage-first heap   total 61440K, used 19536K [0x0000000082e00000, 0x0000000100000000)
  region size 1024K, 1 young (1024K), 1 survivors (1024K)
 Metaspace       used 25896K, committed 26368K, reserved 1073152K
  class space    used 3488K, committed 3712K, reserved 1048576K
}
Event: 4.850 GC heap before
{Heap before GC invocations=7 (full 0):
 garbage-first heap   total 61440K, used 43088K [0x0000000082e00000, 0x0000000100000000)
  region size 1024K, 24 young (24576K), 1 survivors (1024K)
 Metaspace       used 28084K, committed 28480K, reserved 1081344K
  class space    used 3745K, committed 3904K, reserved 1048576K
}
Event: 4.857 GC heap after
{Heap after GC invocations=8 (full 0):
 garbage-first heap   total 122880K, used 20555K [0x0000000082e00000, 0x0000000100000000)
  region size 1024K, 2 young (2048K), 2 survivors (2048K)
 Metaspace       used 28084K, committed 28480K, reserved 1081344K
  class space    used 3745K, committed 3904K, reserved 1048576K
}
Event: 5.751 GC heap before
{Heap before GC invocations=8 (full 0):
 garbage-first heap   total 122880K, used 81995K [0x0000000082e00000, 0x0000000100000000)
  region size 1024K, 63 young (64512K), 2 survivors (2048K)
 Metaspace       used 35679K, committed 36096K, reserved 1081344K
  class space    used 4790K, committed 4992K, reserved 1048576K
}
Event: 5.757 GC heap after
{Heap after GC invocations=9 (full 0):
 garbage-first heap   total 122880K, used 23722K [0x0000000082e00000, 0x0000000100000000)
  region size 1024K, 5 young (5120K), 5 survivors (5120K)
 Metaspace       used 35679K, committed 36096K, reserved 1081344K
  class space    used 4790K, committed 4992K, reserved 1048576K
}
Event: 6.035 GC heap before
{Heap before GC invocations=10 (full 0):
 garbage-first heap   total 86016K, used 72874K [0x0000000082e00000, 0x0000000100000000)
  region size 1024K, 54 young (55296K), 5 survivors (5120K)
 Metaspace       used 36454K, committed 36864K, reserved 1081344K
  class space    used 4919K, committed 5120K, reserved 1048576K
}
Event: 6.041 GC heap after
{Heap after GC invocations=11 (full 0):
 garbage-first heap   total 86016K, used 25608K [0x0000000082e00000, 0x0000000100000000)
  region size 1024K, 6 young (6144K), 6 survivors (6144K)
 Metaspace       used 36454K, committed 36864K, reserved 1081344K
  class space    used 4919K, committed 5120K, reserved 1048576K
}
Event: 6.209 GC heap before
{Heap before GC invocations=11 (full 0):
 garbage-first heap   total 86016K, used 65544K [0x0000000082e00000, 0x0000000100000000)
  region size 1024K, 45 young (46080K), 6 survivors (6144K)
 Metaspace       used 37047K, committed 37504K, reserved 1081344K
  class space    used 4963K, committed 5184K, reserved 1048576K
}
Event: 6.214 GC heap after
{Heap after GC invocations=12 (full 0):
 garbage-first heap   total 86016K, used 26520K [0x0000000082e00000, 0x0000000100000000)
  region size 1024K, 3 young (3072K), 3 survivors (3072K)
 Metaspace       used 37047K, committed 37504K, reserved 1081344K
  class space    used 4963K, committed 5184K, reserved 1048576K
}
Event: 6.827 GC heap before
{Heap before GC invocations=12 (full 0):
 garbage-first heap   total 86016K, used 67480K [0x0000000082e00000, 0x0000000100000000)
  region size 1024K, 43 young (44032K), 3 survivors (3072K)
 Metaspace       used 41524K, committed 42048K, reserved 1089536K
  class space    used 5502K, committed 5760K, reserved 1048576K
}
Event: 6.834 GC heap after
{Heap after GC invocations=13 (full 0):
 garbage-first heap   total 103424K, used 29171K [0x0000000082e00000, 0x0000000100000000)
  region size 1024K, 6 young (6144K), 6 survivors (6144K)
 Metaspace       used 41524K, committed 42048K, reserved 1089536K
  class space    used 5502K, committed 5760K, reserved 1048576K
}
Event: 7.113 GC heap before
{Heap before GC invocations=13 (full 0):
 garbage-first heap   total 103424K, used 80371K [0x0000000082e00000, 0x0000000100000000)
  region size 1024K, 56 young (57344K), 6 survivors (6144K)
 Metaspace       used 42928K, committed 43456K, reserved 1089536K
  class space    used 5685K, committed 5952K, reserved 1048576K
}
Event: 7.119 GC heap after
{Heap after GC invocations=14 (full 0):
 garbage-first heap   total 103424K, used 31090K [0x0000000082e00000, 0x0000000100000000)
  region size 1024K, 6 young (6144K), 6 survivors (6144K)
 Metaspace       used 42928K, committed 43456K, reserved 1089536K
  class space    used 5685K, committed 5952K, reserved 1048576K
}
Event: 7.354 GC heap before
{Heap before GC invocations=14 (full 0):
 garbage-first heap   total 103424K, used 80242K [0x0000000082e00000, 0x0000000100000000)
  region size 1024K, 54 young (55296K), 6 survivors (6144K)
 Metaspace       used 44014K, committed 44480K, reserved 1089536K
  class space    used 5807K, committed 6016K, reserved 1048576K
}
Event: 7.360 GC heap after
{Heap after GC invocations=15 (full 0):
 garbage-first heap   total 103424K, used 32418K [0x0000000082e00000, 0x0000000100000000)
  region size 1024K, 4 young (4096K), 4 survivors (4096K)
 Metaspace       used 44014K, committed 44480K, reserved 1089536K
  class space    used 5807K, committed 6016K, reserved 1048576K
}
Event: 7.739 GC heap before
{Heap before GC invocations=15 (full 0):
 garbage-first heap   total 103424K, used 81570K [0x0000000082e00000, 0x0000000100000000)
  region size 1024K, 52 young (53248K), 4 survivors (4096K)
 Metaspace       used 45421K, committed 45888K, reserved 1089536K
  class space    used 6000K, committed 6208K, reserved 1048576K
}
Event: 7.746 GC heap after
{Heap after GC invocations=16 (full 0):
 garbage-first heap   total 103424K, used 34891K [0x0000000082e00000, 0x0000000100000000)
  region size 1024K, 6 young (6144K), 6 survivors (6144K)
 Metaspace       used 45421K, committed 45888K, reserved 1089536K
  class space    used 6000K, committed 6208K, reserved 1048576K
}
Event: 7.977 GC heap before
{Heap before GC invocations=16 (full 0):
 garbage-first heap   total 103424K, used 81995K [0x0000000082e00000, 0x0000000100000000)
  region size 1024K, 52 young (53248K), 6 survivors (6144K)
 Metaspace       used 46281K, committed 46784K, reserved 1089536K
  class space    used 6088K, committed 6336K, reserved 1048576K
}

